<?xml version="1.0" encoding="UTF-8"?>
<!-- Generated by org.testng.reporters.JUnitReportReporter -->
<testsuite hostname="MYKULWN52004236" failures="0" tests="1" name="com.iprice.test.IpriceCouponTest" time="25.570" errors="0" timestamp="2022-05-13T00:47:24 SGT" skipped="0">
  <testcase classname="com.iprice.test.IpriceCouponTest" name="LoginApplication" time="25.570"/>
  <system-out/>
</testsuite> <!-- com.iprice.test.IpriceCouponTest -->
