<?xml version="1.0" encoding="UTF-8"?>
<!-- Generated by org.testng.reporters.JUnitReportReporter -->
<testsuite hostname="MYKULWN52004236" failures="0" tests="1" name="com.iprice.test.IpriceHomeTest" time="5.797" errors="0" timestamp="2022-05-13T00:12:26 SGT" skipped="0">
  <testcase classname="com.iprice.test.IpriceHomeTest" name="LoginApplication" time="5.797"/>
  <system-out/>
</testsuite> <!-- com.iprice.test.IpriceHomeTest -->
